<?xml version="1.0" encoding="UTF-8"?>
<!-- Generated by org.testng.reporters.JUnitReportReporter -->
<testsuite hostname="LIN-644C0J3" failures="0" tests="5" name="Runner.runnerclass" time="60.862" errors="0" timestamp="2024-04-01T16:38:44 IST" skipped="0">
  <testcase classname="Runner.runnerclass" name="runScenario" time="8.576"/>
  <testcase classname="Runner.runnerclass" name="runScenario" time="8.560"/>
  <testcase classname="Runner.runnerclass" name="runScenario" time="7.575"/>
  <testcase classname="Runner.runnerclass" name="runScenario" time="28.495"/>
  <testcase classname="Runner.runnerclass" name="runScenario" time="7.656"/>
</testsuite> <!-- Runner.runnerclass -->
