<?xml version="1.0" encoding="UTF-8"?>
<!-- Generated by org.testng.reporters.JUnitReportReporter -->
<testsuite hostname="LIN-644C0J3" failures="0" tests="2" name="StepDefinition.ExcelStepDef" time="10.034" errors="0" timestamp="2024-04-01T16:38:44 IST" skipped="0">
  <testcase classname="StepDefinition.ExcelStepDef" name="TestExcel" time="5.885"/>
  <testcase classname="StepDefinition.ExcelStepDef" name="TestExcel" time="4.149"/>
</testsuite> <!-- StepDefinition.ExcelStepDef -->
